1
Logging Directory: ./logs/logging
╒══════════════════╤═════════════════╕
│ Hyperparameter   │ Value           │
╞══════════════════╪═════════════════╡
│ Learning Rate    │ 0.01            │
├──────────────────┼─────────────────┤
│ Num Classes      │ 9               │
├──────────────────┼─────────────────┤
│ Device           │ cuda            │
├──────────────────┼─────────────────┤
│ Batch Size       │ 40              │
├──────────────────┼─────────────────┤
│ COSINE LR        │ False           │
├──────────────────┼─────────────────┤
│ Num Epochs       │ 20              │
├──────────────────┼─────────────────┤
│ Num Workers      │ 4               │
├──────────────────┼─────────────────┤
│ Image Height     │ 224             │
├──────────────────┼─────────────────┤
│ Image Width      │ 224             │
├──────────────────┼─────────────────┤
│ Pin Memory       │ True            │
├──────────────────┼─────────────────┤
│ Early Stopping   │ 200             │
├──────────────────┼─────────────────┤
│ Load Model       │ True            │
├──────────────────┼─────────────────┤
│ Save Model       │ True            │
├──────────────────┼─────────────────┤
│ Download Dataset │ False           │
├──────────────────┼─────────────────┤
│ Model Name       │ AttUNet         │
├──────────────────┼─────────────────┤
│ Seed             │ 666             │
├──────────────────┼─────────────────┤
│ Task Name        │ Synapse         │
├──────────────────┼─────────────────┤
│ GPU              │ Tesla T4        │
├──────────────────┼─────────────────┤
│ Torch            │ 2.6.0+cu124     │
├──────────────────┼─────────────────┤
│ Torchvision      │ 0.21.0+cu124    │
├──────────────────┼─────────────────┤
│ Checkpoint Name  │ AttUNet_Synapse │
╘══════════════════╧═════════════════╛
Logging Directory: ./logs/logging
╒══════════════════╤═════════════════╕
│ Hyperparameter   │ Value           │
╞══════════════════╪═════════════════╡
│ Learning Rate    │ 0.001           │
├──────────────────┼─────────────────┤
│ Num Classes      │ 9               │
├──────────────────┼─────────────────┤
│ Device           │ cuda            │
├──────────────────┼─────────────────┤
│ Batch Size       │ 16              │
├──────────────────┼─────────────────┤
│ COSINE LR        │ False           │
├──────────────────┼─────────────────┤
│ Num Epochs       │ 30              │
├──────────────────┼─────────────────┤
│ Num Workers      │ 4               │
├──────────────────┼─────────────────┤
│ Image Height     │ 224             │
├──────────────────┼─────────────────┤
│ Image Width      │ 224             │
├──────────────────┼─────────────────┤
│ Pin Memory       │ True            │
├──────────────────┼─────────────────┤
│ Early Stopping   │ 200             │
├──────────────────┼─────────────────┤
│ Load Model       │ True            │
├──────────────────┼─────────────────┤
│ Save Model       │ True            │
├──────────────────┼─────────────────┤
│ Download Dataset │ False           │
├──────────────────┼─────────────────┤
│ Model Name       │ AttUNet         │
├──────────────────┼─────────────────┤
│ Seed             │ 666             │
├──────────────────┼─────────────────┤
│ Task Name        │ Synapse         │
├──────────────────┼─────────────────┤
│ GPU              │ Tesla T4        │
├──────────────────┼─────────────────┤
│ Torch            │ 2.6.0+cu124     │
├──────────────────┼─────────────────┤
│ Torchvision      │ 0.21.0+cu124    │
├──────────────────┼─────────────────┤
│ Checkpoint Name  │ AttUNet_Synapse │
╘══════════════════╧═════════════════╛
╒═════════════════╤═══════════════╤══════════╕
│ Builded Model   │ #Parameters   │ Device   │
╞═════════════════╪═══════════════╪══════════╡
│ AttUNet         │ 34.88 M       │ cuda     │
╘═════════════════╧═══════════════╧══════════╛
Loading Checkpoint...
No Such file : /content/drive/MyDrive/checkpoint/AttUNet_Synapse_last.pth


**************************************************
Training Phase
**************************************************
Logging Directory: ./logs/logging
╒══════════════════╤═════════════════════╕
│ Hyperparameter   │ Value               │
╞══════════════════╪═════════════════════╡
│ Learning Rate    │ 0.001               │
├──────────────────┼─────────────────────┤
│ Num Classes      │ 9                   │
├──────────────────┼─────────────────────┤
│ Device           │ cuda                │
├──────────────────┼─────────────────────┤
│ Batch Size       │ 16                  │
├──────────────────┼─────────────────────┤
│ COSINE LR        │ False               │
├──────────────────┼─────────────────────┤
│ Num Epochs       │ 30                  │
├──────────────────┼─────────────────────┤
│ Num Workers      │ 4                   │
├──────────────────┼─────────────────────┤
│ Image Height     │ 224                 │
├──────────────────┼─────────────────────┤
│ Image Width      │ 224                 │
├──────────────────┼─────────────────────┤
│ Pin Memory       │ True                │
├──────────────────┼─────────────────────┤
│ Early Stopping   │ 200                 │
├──────────────────┼─────────────────────┤
│ Load Model       │ True                │
├──────────────────┼─────────────────────┤
│ Save Model       │ True                │
├──────────────────┼─────────────────────┤
│ Download Dataset │ False               │
├──────────────────┼─────────────────────┤
│ Model Name       │ SEUNet_loss         │
├──────────────────┼─────────────────────┤
│ Seed             │ 666                 │
├──────────────────┼─────────────────────┤
│ Task Name        │ Synapse             │
├──────────────────┼─────────────────────┤
│ GPU              │ Tesla T4            │
├──────────────────┼─────────────────────┤
│ Torch            │ 2.6.0+cu124         │
├──────────────────┼─────────────────────┤
│ Torchvision      │ 0.21.0+cu124        │
├──────────────────┼─────────────────────┤
│ Checkpoint Name  │ SEUNet_loss_Synapse │
╘══════════════════╧═════════════════════╛
Logging Directory: ./logs/logging
╒══════════════════╤═════════════════════╕
│ Hyperparameter   │ Value               │
╞══════════════════╪═════════════════════╡
│ Learning Rate    │ 0.001               │
├──────────────────┼─────────────────────┤
│ Num Classes      │ 9                   │
├──────────────────┼─────────────────────┤
│ Device           │ cuda                │
├──────────────────┼─────────────────────┤
│ Batch Size       │ 16                  │
├──────────────────┼─────────────────────┤
│ COSINE LR        │ False               │
├──────────────────┼─────────────────────┤
│ Num Epochs       │ 30                  │
├──────────────────┼─────────────────────┤
│ Num Workers      │ 4                   │
├──────────────────┼─────────────────────┤
│ Image Height     │ 224                 │
├──────────────────┼─────────────────────┤
│ Image Width      │ 224                 │
├──────────────────┼─────────────────────┤
│ Pin Memory       │ True                │
├──────────────────┼─────────────────────┤
│ Early Stopping   │ 200                 │
├──────────────────┼─────────────────────┤
│ Load Model       │ True                │
├──────────────────┼─────────────────────┤
│ Save Model       │ True                │
├──────────────────┼─────────────────────┤
│ Download Dataset │ False               │
├──────────────────┼─────────────────────┤
│ Model Name       │ SEUNet_loss         │
├──────────────────┼─────────────────────┤
│ Seed             │ 666                 │
├──────────────────┼─────────────────────┤
│ Task Name        │ Synapse             │
├──────────────────┼─────────────────────┤
│ GPU              │ Tesla T4            │
├──────────────────┼─────────────────────┤
│ Torch            │ 2.6.0+cu124         │
├──────────────────┼─────────────────────┤
│ Torchvision      │ 0.21.0+cu124        │
├──────────────────┼─────────────────────┤
│ Checkpoint Name  │ SEUNet_loss_Synapse │
╘══════════════════╧═════════════════════╛
Logging Directory: ./logs/logging
╒══════════════════╤═════════════════════╕
│ Hyperparameter   │ Value               │
╞══════════════════╪═════════════════════╡
│ Learning Rate    │ 0.001               │
├──────────────────┼─────────────────────┤
│ Num Classes      │ 9                   │
├──────────────────┼─────────────────────┤
│ Device           │ cuda                │
├──────────────────┼─────────────────────┤
│ Batch Size       │ 16                  │
├──────────────────┼─────────────────────┤
│ COSINE LR        │ False               │
├──────────────────┼─────────────────────┤
│ Num Epochs       │ 30                  │
├──────────────────┼─────────────────────┤
│ Num Workers      │ 4                   │
├──────────────────┼─────────────────────┤
│ Image Height     │ 224                 │
├──────────────────┼─────────────────────┤
│ Image Width      │ 224                 │
├──────────────────┼─────────────────────┤
│ Pin Memory       │ True                │
├──────────────────┼─────────────────────┤
│ Early Stopping   │ 200                 │
├──────────────────┼─────────────────────┤
│ Load Model       │ True                │
├──────────────────┼─────────────────────┤
│ Save Model       │ True                │
├──────────────────┼─────────────────────┤
│ Download Dataset │ False               │
├──────────────────┼─────────────────────┤
│ Model Name       │ SEUNet_lite         │
├──────────────────┼─────────────────────┤
│ Seed             │ 666                 │
├──────────────────┼─────────────────────┤
│ Task Name        │ Synapse             │
├──────────────────┼─────────────────────┤
│ GPU              │ Tesla T4            │
├──────────────────┼─────────────────────┤
│ Torch            │ 2.6.0+cu124         │
├──────────────────┼─────────────────────┤
│ Torchvision      │ 0.21.0+cu124        │
├──────────────────┼─────────────────────┤
│ Checkpoint Name  │ SEUNet_lite_Synapse │
╘══════════════════╧═════════════════════╛
╒═════════════════╤═══════════════╤══════════╕
│ Builded Model   │ #Parameters   │ Device   │
╞═════════════════╪═══════════════╪══════════╡
│ SEUNet_lite     │ 24.31 M       │ cuda     │
╘═════════════════╧═══════════════╧══════════╛
Loading Checkpoint...
No Such file : /content/drive/MyDrive/checkpoint/SEUNet_lite_Synapse_last.pth


**************************************************
Training Phase
**************************************************
Logging Directory: ./logs/logging
╒══════════════════╤═════════════════════╕
│ Hyperparameter   │ Value               │
╞══════════════════╪═════════════════════╡
│ Learning Rate    │ 0.001               │
├──────────────────┼─────────────────────┤
│ Num Classes      │ 9                   │
├──────────────────┼─────────────────────┤
│ Device           │ cuda                │
├──────────────────┼─────────────────────┤
│ Batch Size       │ 16                  │
├──────────────────┼─────────────────────┤
│ COSINE LR        │ False               │
├──────────────────┼─────────────────────┤
│ Num Epochs       │ 30                  │
├──────────────────┼─────────────────────┤
│ Num Workers      │ 4                   │
├──────────────────┼─────────────────────┤
│ Image Height     │ 224                 │
├──────────────────┼─────────────────────┤
│ Image Width      │ 224                 │
├──────────────────┼─────────────────────┤
│ Pin Memory       │ True                │
├──────────────────┼─────────────────────┤
│ Early Stopping   │ 200                 │
├──────────────────┼─────────────────────┤
│ Load Model       │ True                │
├──────────────────┼─────────────────────┤
│ Save Model       │ True                │
├──────────────────┼─────────────────────┤
│ Download Dataset │ False               │
├──────────────────┼─────────────────────┤
│ Model Name       │ SEUNet_lite         │
├──────────────────┼─────────────────────┤
│ Seed             │ 666                 │
├──────────────────┼─────────────────────┤
│ Task Name        │ Synapse             │
├──────────────────┼─────────────────────┤
│ GPU              │ Tesla T4            │
├──────────────────┼─────────────────────┤
│ Torch            │ 2.6.0+cu124         │
├──────────────────┼─────────────────────┤
│ Torchvision      │ 0.21.0+cu124        │
├──────────────────┼─────────────────────┤
│ Checkpoint Name  │ SEUNet_lite_Synapse │
╘══════════════════╧═════════════════════╛
╒═════════════════╤═══════════════╤══════════╕
│ Builded Model   │ #Parameters   │ Device   │
╞═════════════════╪═══════════════╪══════════╡
│ SEUNet_lite     │ 24.31 M       │ cuda     │
╘═════════════════╧═══════════════╧══════════╛
Loading Checkpoint...
No Such file : /content/drive/MyDrive/checkpoint/SEUNet_lite_Synapse_last.pth


**************************************************
Training Phase
**************************************************
